Arguments: 
  /usr/local/Cellar/node@14/14.18.3/bin/node /usr/local/Cellar/yarn/1.22.17_2/libexec/bin/yarn.js add node-saas

PATH: 
  /usr/local/opt/node@14/bin:/opt/local/bin:/opt/local/sbin:/Users/marlon.montgomery/google-cloud-sdk/bin:/anaconda2/bin:/Library/Frameworks/Python.framework/Versions/3.6/bin:/Users/marlon.montgomery/.local/bin:“/Users/marlon.montgomery/.nvm/versions/node/v14.18.3/bin:/usr/local/bin:/usr/bin:/bin:/usr/sbin:/sbin:/usr/local/go/bin:/usr/local/MacGPG2/bin:/Library/Frameworks/Mono.framework/Versions/Current/Commands:/Users/marlon.montgomery/usr/bin:/usr/bin/python:/Library/Frameworks/Python.framework/Versions/3.6/bin:/Users/marlon.montgomery/.local/bin:/usr/local/aws:/usr/local/bin/aws”:/Applications/flutter/bin:/Users/marlon.montgomery/Library/Android/sdk/tools:/Users/marlon.montgomery/Library/Android/sdk/platform-tools

Yarn version: 
  1.22.17

Node version: 
  14.18.3

Platform: 
  darwin x64

Trace: 
  Error: https://registry.yarnpkg.com/node-saas: Not found
      at Request.params.callback [as _callback] (/usr/local/Cellar/yarn/1.22.17_2/libexec/lib/cli.js:67029:18)
      at Request.self.callback (/usr/local/Cellar/yarn/1.22.17_2/libexec/lib/cli.js:140883:22)
      at Request.emit (events.js:400:28)
      at Request.<anonymous> (/usr/local/Cellar/yarn/1.22.17_2/libexec/lib/cli.js:141855:10)
      at Request.emit (events.js:400:28)
      at IncomingMessage.<anonymous> (/usr/local/Cellar/yarn/1.22.17_2/libexec/lib/cli.js:141777:12)
      at Object.onceWrapper (events.js:519:28)
      at IncomingMessage.emit (events.js:412:35)
      at endReadableNT (internal/streams/readable.js:1334:12)
      at processTicksAndRejections (internal/process/task_queues.js:82:21)

npm manifest: 
  {
    "name": "app-search-reference-ui-react",
    "version": "1.2.0",
    "license": "Apache-2.0",
    "private": true,
    "dependencies": {
      "@elastic/react-search-ui": "1.7.0",
      "@elastic/search-ui-app-search-connector": "1.7.0",
      "prop-types": "^15.6.2",
      "react": "^16.8.1",
      "react-dom": "^16.8.1",
      "react-scripts": "^3.4.1"
    },
    "scripts": {
      "build-css": "node-sass-chokidar src/ -o src/",
      "watch-css": "npm run build-css && node-sass-chokidar src/ -o src/ --watch --recursive",
      "start": "react-scripts start",
      "start-dev": "npm-run-all -p watch-css start",
      "build-js": "node ./scripts/build-no-chunks.js",
      "build": "npm-run-all build-css build-js",
      "test": "react-scripts test",
      "eject": "react-scripts eject",
      "postinstall": "npm-run-all build-css"
    },
    "devDependencies": {
      "enzyme": "^3.4.4",
      "enzyme-adapter-react-16": "^1.15.6",
      "enzyme-to-json": "^3.3.4",
      "node-sass-chokidar": "^1.5.0",
      "npm-run-all": "^4.1.3",
      "rewire": "^4.0.1"
    },
    "jest": {
      "snapshotSerializers": [
        "enzyme-to-json/serializer"
      ]
    },
    "browserslist": [
      ">0.2%",
      "chrome 44",
      "not dead",
      "not ie <= 11",
      "not op_mini all"
    ]
  }

yarn manifest: 
  No manifest

Lockfile: 
  No lockfile
